<?xml version="1.0" encoding="UTF-8"?>
<!-- Generated by org.testng.reporters.JUnitReportReporter -->
<testsuite skipped="0" hostname="Manu" name="com.ebay.testcases.HomePageTest" tests="1" failures="0" timestamp="01 Dec 2017 06:24:52 GMT" time="6.888" errors="0">
  <testcase name="verifyElectronicsIsClicked" time="6.888" classname="com.ebay.testcases.HomePageTest"/>
</testsuite> <!-- com.ebay.testcases.HomePageTest -->
